<?xml version="1.0" encoding="UTF-8"?>
<?xml-stylesheet type="text/xsl" href="index.xsl"?>
<testsuite>
<time testname="Edit name, gender, location, date of birth" seconds="10"></time>
<time testname="Add Profile description, education and competencies" seconds="10"></time>
<time testname="Navigate to edit account page" seconds="10"></time>
<testcase>
<name>Edit name, gender, location, date of birth</name>
<status>failed</status>
<time></time>
<screenshot>screenshots/screenshot-Edit name, gender, location, date of birth.png</screenshot>
<error> <![CDATA[org.openqa.selenium.NoSuchElementException: Unable to locate element: #user_first_name
For documentation on this error, please visit: https://www.seleniumhq.org/exceptions/no_such_element.html
Build info: version: '3.141.59', revision: 'e82be7d358', time: '2018-11-14T08:17:03'
System info: host: 'BRMJORDY', ip: '192.168.1.102', os.name: 'Windows 10', os.arch: 'amd64', os.version: '10.0', java.version: '13.0.2'
Driver info: org.openqa.selenium.firefox.FirefoxDriver
Capabilities {acceptInsecureCerts: true, browserName: firefox, browserVersion: 77.0.1, javascriptEnabled: true, moz:accessibilityChecks: false, moz:buildID: 20200602222727, moz:geckodriverVersion: 0.26.0, moz:headless: false, moz:processID: 72412, moz:profile: C:\Users\MOUS\AppData\Local..., moz:shutdownTimeout: 60000, moz:useNonSpecCompliantPointerOrigin: false, moz:webdriverClick: true, pageLoadStrategy: normal, platform: WINDOWS, platformName: WINDOWS, platformVersion: 10.0, rotatable: false, setWindowRect: true, strictFileInteractability: false, timeouts: {implicit: 0, pageLoad: 300000, script: 30000}, unhandledPromptBehavior: dismiss and notify}
Session ID: 32e12e73-64e2-49f8-8bc3-a0324c62ee2d
*** Element info: {Using=id, value=user_first_name}]]> </error>
</testcase>
<testcase>
<name>Add Profile description, education and competencies</name>
<status>failed</status>
<time></time>
<screenshot>screenshots/screenshot-Add Profile description, education and competencies.png</screenshot>
<error> <![CDATA[org.openqa.selenium.NoSuchElementException: Unable to locate element: #user_profile
For documentation on this error, please visit: https://www.seleniumhq.org/exceptions/no_such_element.html
Build info: version: '3.141.59', revision: 'e82be7d358', time: '2018-11-14T08:17:03'
System info: host: 'BRMJORDY', ip: '192.168.1.102', os.name: 'Windows 10', os.arch: 'amd64', os.version: '10.0', java.version: '13.0.2'
Driver info: org.openqa.selenium.firefox.FirefoxDriver
Capabilities {acceptInsecureCerts: true, browserName: firefox, browserVersion: 77.0.1, javascriptEnabled: true, moz:accessibilityChecks: false, moz:buildID: 20200602222727, moz:geckodriverVersion: 0.26.0, moz:headless: false, moz:processID: 72412, moz:profile: C:\Users\MOUS\AppData\Local..., moz:shutdownTimeout: 60000, moz:useNonSpecCompliantPointerOrigin: false, moz:webdriverClick: true, pageLoadStrategy: normal, platform: WINDOWS, platformName: WINDOWS, platformVersion: 10.0, rotatable: false, setWindowRect: true, strictFileInteractability: false, timeouts: {implicit: 0, pageLoad: 300000, script: 30000}, unhandledPromptBehavior: dismiss and notify}
Session ID: 32e12e73-64e2-49f8-8bc3-a0324c62ee2d
*** Element info: {Using=id, value=user_profile}]]> </error>
</testcase>
<testcase>
<name>Navigate to edit account page</name>
<status>passed</status>
<time></time>
<screenshot>screenshots/screenshot-Navigate to edit account page.png</screenshot>
</testcase>
</testsuite>