<?xml version="1.0" encoding="UTF-8"?>
<?xml-stylesheet type="text/xsl" href="index.xsl"?>
<testsuite>
<time testname="Add new technical skill to CV" seconds="5"></time>
<time testname="Add new language to CV" seconds="5"></time>
<testcase>
<name>Add new technical skill to CV</name>
<status>failed</status>
<time></time>
<screenshot>screenshots/screenshot-Add new technical skill to CV.png</screenshot>
<error> <![CDATA[org.openqa.selenium.NoSuchElementException: no such element: Unable to locate element: {"method":"class name","selector":"collapse-sign"}
  (Session info: chrome=71.0.3578.30)
  (Driver info: chromedriver=2.42.591088 (7b2b2dca23cca0862f674758c9a3933e685c27d5),platform=Windows NT 10.0.14393 x86_64) (WARNING: The server did not provide any stacktrace information)
Command duration or timeout: 0 milliseconds
For documentation on this error, please visit: https://www.seleniumhq.org/exceptions/no_such_element.html
Build info: version: '3.141.59', revision: 'e82be7d358', time: '2018-11-14T08:17:03'
System info: host: 'BRMJORDY', ip: '192.168.1.102', os.name: 'Windows 10', os.arch: 'amd64', os.version: '10.0', java.version: '13.0.2'
Driver info: org.openqa.selenium.remote.RemoteWebDriver
Capabilities {acceptInsecureCerts: false, acceptSslCerts: false, applicationCacheEnabled: false, browserConnectionEnabled: false, browserName: chrome, chrome: {chromedriverVersion: 2.42.591088 (7b2b2dca23cca0..., userDataDir: C:\Users\ltuser\AppData\Loc...}, cssSelectorsEnabled: true, databaseEnabled: false, goog:chromeOptions: {debuggerAddress: localhost:65160}, handlesAlerts: true, hasTouchScreen: false, javascriptEnabled: true, locationContextEnabled: true, mobileEmulationEnabled: false, nativeEvents: true, networkConnectionEnabled: false, pageLoadStrategy: normal, platform: XP, platformName: XP, rotatable: false, setWindowRect: true, takesHeapSnapshot: true, takesScreenshot: true, unexpectedAlertBehaviour: , unhandledPromptBehavior: , version: 71.0.3578.30, webStorageEnabled: true, webdriver.remote.sessionid: ab732a0d8210e055c3481e85408...}
Session ID: ab732a0d8210e055c3481e854087b5d0
*** Element info: {Using=class name, value=collapse-sign}]]> </error>
</testcase>
<testcase>
<name>Add new language to CV</name>
<status>failed</status>
<time></time>
<screenshot>screenshots/screenshot-Add new language to CV.png</screenshot>
<error> <![CDATA[org.openqa.selenium.NoSuchElementException: no such element: Unable to locate element: {"method":"class name","selector":"collapse-sign"}
  (Session info: chrome=71.0.3578.30)
  (Driver info: chromedriver=2.42.591088 (7b2b2dca23cca0862f674758c9a3933e685c27d5),platform=Windows NT 10.0.14393 x86_64) (WARNING: The server did not provide any stacktrace information)
Command duration or timeout: 0 milliseconds
For documentation on this error, please visit: https://www.seleniumhq.org/exceptions/no_such_element.html
Build info: version: '3.141.59', revision: 'e82be7d358', time: '2018-11-14T08:17:03'
System info: host: 'BRMJORDY', ip: '192.168.1.102', os.name: 'Windows 10', os.arch: 'amd64', os.version: '10.0', java.version: '13.0.2'
Driver info: org.openqa.selenium.remote.RemoteWebDriver
Capabilities {acceptInsecureCerts: false, acceptSslCerts: false, applicationCacheEnabled: false, browserConnectionEnabled: false, browserName: chrome, chrome: {chromedriverVersion: 2.42.591088 (7b2b2dca23cca0..., userDataDir: C:\Users\ltuser\AppData\Loc...}, cssSelectorsEnabled: true, databaseEnabled: false, goog:chromeOptions: {debuggerAddress: localhost:65160}, handlesAlerts: true, hasTouchScreen: false, javascriptEnabled: true, locationContextEnabled: true, mobileEmulationEnabled: false, nativeEvents: true, networkConnectionEnabled: false, pageLoadStrategy: normal, platform: XP, platformName: XP, rotatable: false, setWindowRect: true, takesHeapSnapshot: true, takesScreenshot: true, unexpectedAlertBehaviour: , unhandledPromptBehavior: , version: 71.0.3578.30, webStorageEnabled: true, webdriver.remote.sessionid: ab732a0d8210e055c3481e85408...}
Session ID: ab732a0d8210e055c3481e854087b5d0
*** Element info: {Using=class name, value=collapse-sign}]]> </error>
</testcase>
<time testname="Add new training to CV" seconds="17"></time>
<testcase>
<name>Add new training to CV</name>
<status>passed</status>
<time></time>
<screenshot>screenshots/screenshot-Add new training to CV.png</screenshot>
</testcase>
<time testname="Add new project to CV" seconds="22"></time>
<testcase>
<name>Add new project to CV</name>
<status>passed</status>
<time></time>
<screenshot>screenshots/screenshot-Add new project to CV.png</screenshot>
</testcase>
<time testname="Add new certificate to CV" seconds="15"></time>
<testcase>
<name>Add new certificate to CV</name>
<status>passed</status>
<time></time>
<screenshot>screenshots/screenshot-Add new certificate to CV.png</screenshot>
</testcase>
</testsuite>